<?xml version="1.0" encoding="UTF-8"?>
<testsuite name="SILab2Test" tests="2" skipped="0" failures="0" errors="0" timestamp="2022-06-03T18:22:25" hostname="DESKTOP-4JDV9QE" time="0.024">
  <properties/>
  <testcase name="everyStatementTest()" classname="SILab2Test" time="0.022"/>
  <testcase name="everyBranchTest()" classname="SILab2Test" time="0.001"/>
  <system-out><![CDATA[]]></system-out>
  <system-err><![CDATA[]]></system-err>
</testsuite>
